<?xml version="1.0" encoding="UTF-8"?>
<testng-results ignored="0" total="1" passed="1" failed="0" skipped="0">
  <reporter-output>
  </reporter-output>
  <suite started-at="2022-09-08T15:46:35 IST" name="Suite" finished-at="2022-09-08T15:46:50 IST" duration-ms="14828">
    <groups>
    </groups>
    <test started-at="2022-09-08T15:46:35 IST" name="TestChrome" finished-at="2022-09-08T15:46:50 IST" duration-ms="14828">
      <class name="com.AngelOne.Testcases.TestCase1">
        <test-method is-config="true" signature="setup()[pri:0, instance:com.AngelOne.Testcases.TestCase1@4b8ee4de]" started-at="2022-09-08T15:46:35 IST" name="setup" finished-at="2022-09-08T15:46:35 IST" duration-ms="233" status="PASS">
          <reporter-output>
          </reporter-output>
        </test-method> <!-- setup -->
        <test-method is-config="true" signature="setUpTest(java.lang.String)[pri:0, instance:com.AngelOne.Testcases.TestCase1@4b8ee4de]" started-at="2022-09-08T15:46:35 IST" name="setUpTest" finished-at="2022-09-08T15:46:42 IST" duration-ms="7139" status="PASS">
          <params>
            <param index="0">
              <value>
                <![CDATA[chrome]]>
              </value>
            </param>
          </params>
          <reporter-output>
          </reporter-output>
        </test-method> <!-- setUpTest -->
        <test-method signature="test1()[pri:0, instance:com.AngelOne.Testcases.TestCase1@4b8ee4de]" started-at="2022-09-08T15:46:42 IST" name="test1" finished-at="2022-09-08T15:46:50 IST" duration-ms="7599" status="PASS">
          <reporter-output>
          </reporter-output>
        </test-method> <!-- test1 -->
        <test-method is-config="true" signature="tearDownTest()[pri:0, instance:com.AngelOne.Testcases.TestCase1@4b8ee4de]" started-at="2022-09-08T15:46:50 IST" name="tearDownTest" finished-at="2022-09-08T15:46:50 IST" duration-ms="1" status="PASS">
          <reporter-output>
          </reporter-output>
        </test-method> <!-- tearDownTest -->
        <test-method is-config="true" signature="tearDown()[pri:0, instance:com.AngelOne.Testcases.TestCase1@4b8ee4de]" started-at="2022-09-08T15:46:50 IST" name="tearDown" finished-at="2022-09-08T15:46:50 IST" duration-ms="684" status="PASS">
          <reporter-output>
          </reporter-output>
        </test-method> <!-- tearDown -->
      </class> <!-- com.AngelOne.Testcases.TestCase1 -->
    </test> <!-- TestChrome -->
  </suite> <!-- Suite -->
</testng-results>
